<?xml version="1.0" encoding="UTF-8"?>
<testsuite name="clock.TickerTest" tests="5" skipped="0" failures="0" errors="0" timestamp="2018-06-05T17:24:13" hostname="Vivek-PC" time="0.004">
  <properties/>
  <testcase name="testRepaintHoursRequired_Case2" classname="clock.TickerTest" time="0.002"/>
  <testcase name="testRepaintMinutesRequired" classname="clock.TickerTest" time="0.0"/>
  <testcase name="testRepaintHoursRequired" classname="clock.TickerTest" time="0.0"/>
  <testcase name="testRepaintMinutesRequired_Case2" classname="clock.TickerTest" time="0.0"/>
  <testcase name="testDifferenceInMillis" classname="clock.TickerTest" time="0.0"/>
  <system-out><![CDATA[]]></system-out>
  <system-err><![CDATA[]]></system-err>
</testsuite>
